1.14129325105, 1.10680996532, 1.18875401031, -15.3266
1.14854827067, 1.25094775649, 1.18763363465, -13.7895
1.16407100557, 1.2626575255, 1.10945472269, -14.254
1.20141817031, 1.19299442404, 1.16466802556, -14.0412
1.19585104935, 1.27389820452, 1.18927087327, -13.039
1.0990226312, 1.27274438984, 1.20034041464, -13.9695
1.14535867351, 1.26056319083, 1.1830222785, -13.7692
1.13282356183, 1.13171962984, 1.2847842348, -14.2428
1.11786400517, 1.12260169866, 1.2536332634, -14.7924
1.25002085371, 1.12311520798, 1.1916110913, -13.9821
1.25345112732, 1.20286019201, 1.20680163363, -12.9866
1.11097346091, 1.11625028493, 1.197728596, -15.4652
1.26134192485, 1.20927550333, 1.12689709192, -13.6024
1.24728160404, 1.20596803849, 1.21978501028, -12.8959
1.19040951928, 1.23334993909, 1.12889456776, -14.0883
1.21503535987, 1.20050881313, 1.16819971347, -13.7866
1.24374364645, 1.21312812055, 1.22229265697, -12.8362
1.21962837495, 1.16657590511, 1.10133706245, -14.7243
1.27897378893, 1.20825830466, 1.21781138246, -12.556
1.26681160688, 1.24028995069, 1.14171951323, -13.0861
1.14793032301, 1.23262511163, 1.18047745233, -14.0515
1.1179370784, 1.13443609814, 1.19500154007, -15.232
1.10162961917, 1.14654595795, 1.2584182324, -14.674
1.25534953523, 1.29151928042, 1.27497821299, -11.4091
1.24401449945, 1.19456226818, 1.12022664612, -13.9998
1.18725886798, 1.27649796603, 1.11971021894, -13.7692
1.16350110515, 1.29103694438, 1.20483743615, -13.0574
1.24664720313, 1.12821685166, 1.20313130909, -13.8555
1.26274243021, 1.14162771821, 1.28285398286, -12.7852
1.11907676559, 1.23867167675, 1.23194483791, -13.8025
1.22645135468, 1.20350891875, 1.17652416077, -13.5555
1.17644829867, 1.1727225819, 1.15505878903, -14.6043
1.17080693554, 1.28675900715, 1.2207607247, -12.8713
1.20391932125, 1.30421088983, 1.17407662183, -12.7896
1.12934608221, 1.16385838321, 1.12568150425, -15.4745
1.20189712729, 1.17893327488, 1.31263966185, -12.7633
1.27664085561, 1.16763569242, 1.29999216713, -12.2087
1.26170464348, 1.21550953426, 1.23070081059, -12.5414
1.19999227865, 1.15648815596, 1.29290828676, -13.2014
1.18163935541, 1.1900467214, 1.1699605828, -14.23
1.13227869587, 1.17143552137, 1.27512324021, -13.9357
1.23963716002, 1.31108286796, 1.14461465076, -12.6235
1.2078515183, 1.18328679108, 1.23509580839, -13.3981
1.17866526954, 1.24367969002, 1.18240497432, -13.595
1.25835944817, 1.28671329277, 1.31075267907, -11.0839
1.28632087968, 1.21191905959, 1.2114363874, -12.5019
1.24164380392, 1.32678017361, 1.14623032891, -12.4266
1.15843415362, 1.28933518817, 1.18898373727, -13.2802
1.26340471474, 1.19994441085, 1.31580297203, -11.8677
1.16742687241, 1.32992092098, 1.29306784396, -11.7745
1.20551413357, 1.25498700273, 1.21831587278, -12.8517
1.21682890024, 1.17590490991, 1.19925987199, -13.7214
1.26139733652, 1.17425783698, 1.21685681032, -13.0981
1.28269611982, 1.30007924358, 1.22872925977, -11.475
1.18809640072, 1.25525642965, 1.33273039987, -11.9382
1.21454344067, 1.2808115104, 1.23298582365, -12.3522
1.23820684379, 1.35431594756, 1.22823432518, -11.397
1.30933112409, 1.28717440578, 1.23675086836, -11.248
1.24686752252, 1.17255451445, 1.19712405026, -13.4582
1.34436337316, 1.22154576818, 1.25403005387, -11.3817
1.32867602175, 1.18203972481, 1.36129667874, -10.9242
1.28535235329, 1.36420071028, 1.2420314751, -10.6651
1.35030012181, 1.33032376191, 1.24089226791, -10.3344
1.36908922515, 1.24955312982, 1.3072982173, -10.3243
1.23264558694, 1.27384163842, 1.36077440856, -11.0086
1.29972279942, 1.33447838854, 1.32024806454, -10.0677
1.24156474049, 1.25886899981, 1.30329693733, -11.6171
1.33803954101, 1.21451799176, 1.30420201874, -11.0401
1.2337268715, 1.38058780934, 1.28128433426, -10.6685
1.28958559473, 1.23569584305, 1.39025790334, -10.5131
1.23512043528, 1.26251887294, 1.36138217166, -11.0921
1.28266118188, 1.2528827563, 1.26759229926, -11.585
1.32100409279, 1.25480199142, 1.30084096311, -10.8414
1.2695816456, 1.28527361551, 1.23068411572, -11.7462
1.24686755186, 1.38620715535, 1.32967469358, -10.0089
1.33241807273, 1.31101474116, 1.286114921, -10.2879
1.40804650168, 1.40542151661, 1.36054926521, -7.81153
1.33198560664, 1.38296287813, 1.3283946886, -9.15348
1.39556046147, 1.31539861413, 1.28750712859, -9.56156
1.24715571375, 1.2832660897, 1.27490127107, -11.5808
1.28402773429, 1.23339760409, 1.3820800028, -10.6736
1.26020986677, 1.41995893453, 1.35633961294, -9.26805
1.36694501214, 1.42955846876, 1.27663536281, -8.80336
1.37317314959, 1.25861211631, 1.24371578251, -10.7972
1.29775121729, 1.32222496542, 1.35634320703, -9.86817
1.27296917162, 1.2499376917, 1.40296564333, -10.422
1.3421875388, 1.26789689464, 1.42970986514, -9.25012
1.30950050214, 1.36485711041, 1.26774800116, -10.1567
1.38105578915, 1.3834378759, 1.40263561973, -7.91871
1.4319674806, 1.36702524574, 1.43209742153, -7.26541
1.34641088173, 1.32814193355, 1.34191053457, -9.43094
1.28334044813, 1.38417971894, 1.31255842459, -9.80746
1.41936405548, 1.29814848358, 1.35307149273, -8.85814
1.36587313149, 1.3248869563, 1.32162158373, -9.45238
1.31453377406, 1.39960945796, 1.2930729821, -9.50637
1.28884423227, 1.3681441132, 1.40437454567, -9.03405
1.48968358958, 1.40538752431, 1.32931358534, -7.24686
1.32573497824, 1.43424786116, 1.39011680189, -8.10545
1.42172591477, 1.42250417309, 1.38836193604, -7.2262
1.33380909068, 1.35348484525, 1.43154042233, -8.44777
1.4694927155, 1.44270855129, 1.31724332102, -7.19518
1.36579107797, 1.46430725824, 1.42187381969, -7.07078
1.39206777456, 1.32947803752, 1.47549310311, -7.65552
1.44330882672, 1.34433533988, 1.36084456848, -8.05895
1.4669787132, 1.39677992843, 1.47458376108, -6.18455
1.37534859608, 1.41321521438, 1.3381579862, -8.29235
1.3621109952, 1.39495872963, 1.38086258125, -8.21003
1.39159231269, 1.3457813691, 1.41488988903, -8.07423
1.4783018944, 1.47000172749, 1.34497525347, -6.55796
1.39452792831, 1.38936814652, 1.49127637041, -6.86718
1.48170192089, 1.35986087581, 1.45624480858, -6.58105
1.5149098082, 1.35983301452, 1.41708281254, -6.60472
1.38083515809, 1.51301944159, 1.38791399808, -6.73946
1.5273490117, 1.46870522858, 1.37452028411, -5.76933
1.46730217119, 1.42552370998, 1.47533490444, -5.88058
1.45657763938, 1.38389900519, 1.53472567613, -5.85043
1.52042664196, 1.44112915584, 1.41874863749, -5.7007
1.45854173331, 1.49564572468, 1.44221891534, -5.5746
1.42054999392, 1.54639404982, 1.41684981373, -5.70157
1.46128114375, 1.47240945526, 1.53055463802, -4.93725
1.52563434692, 1.49434059745, 1.53980961616, -3.94378
1.43825105188, 1.41800514817, 1.50145610717, -6.01475
1.49462910241, 1.59157748723, 1.43328353049, -4.29914
1.50739791644, 1.44741384031, 1.50796839123, -4.92047
1.43929557131, 1.46040262175, 1.5374661067, -5.22632
1.5999119511, 1.44440828413, 1.55596554395, -3.51264
1.43345234707, 1.52709182314, 1.48552442366, -5.10469
1.47522810196, 1.62774830646, 1.46415850822, -3.83979
1.52806782235, 1.46909568615, 1.52642452817, -4.30378
1.56966161413, 1.49495888304, 1.61078856292, -2.79214
1.6400785927, 1.46469758841, 1.57035023101, -2.74279
1.50975622361, 1.52009870125, 1.56336488568, -3.62347
1.65064746681, 1.53318647522, 1.65056484027, -1.16418
1.49608468274, 1.66653786506, 1.63331293659, -1.60411
1.56403634368, 1.57083858759, 1.63447609041, -1.85052
1.49482875245, 1.49608296786, 1.58034203432, -3.86406
1.52132559895, 1.64138250685, 1.67718336322, -1.17381
1.68802865671, 1.54866299794, 1.65692663119, -0.549717
1.66536665464, 1.62223122514, 1.63646485702, -0.234573
1.55545234201, 1.68206544387, 1.68265379595, -0.345066
1.67609327569, 1.66296954951, 1.67758300157, 0.688282
1.58241814713, 1.65396131115, 1.66087335993, -0.554977
1.69079352113, 1.63095453265, 1.62208648607, -0.0140686
1.58463167613, 1.65922693495, 1.70921664403, -0.0150986
1.56665033862, 1.55638178705, 1.60714704956, -2.23198
1.56869117058, 1.60780777527, 1.72337296888, -0.573082
1.61279764693, 1.55912195295, 1.62999583467, -1.49693
1.64914993218, 1.56035883527, 1.70921819443, -0.341305
1.63187865357, 1.63344124, 1.74054461771, 0.521622
1.7150364132, 1.68649948288, 1.74626647042, 1.99797
1.68802522598, 1.61370432423, 1.59251563411, -0.502457
1.75093160333, 1.58505992012, 1.76812783466, 1.55183
1.62464692238, 1.67188799602, 1.6715185353, 0.176788
1.61717558664, 1.75022198884, 1.73227477246, 1.47871
1.77135344896, 1.66971513811, 1.69037123248, 1.88769
1.698069291, 1.71940033289, 1.73499127409, 2.04627
1.68258612434, 1.60267647187, 1.70848648394, 0.437447
1.75683904284, 1.78798839354, 1.61922893196, 2.26023
1.63112822523, 1.74696273501, 1.62814661405, 0.596451
1.69400173047, 1.63468195744, 1.74800842913, 1.26319
1.65136792356, 1.71845978553, 1.70539909196, 1.25918
1.75664163247, 1.78519076767, 1.73979172492, 3.38355
1.64718762454, 1.77824041377, 1.67163084416, 1.50183
1.83481174317, 1.82052910656, 1.80881818421, 5.23219
1.70924704418, 1.72435747826, 1.68098598888, 1.69825
1.75898716595, 1.77658148022, 1.76440494654, 3.5561
1.80130647662, 1.75846080647, 1.70010790561, 3.20361
1.76370982666, 1.86210917417, 1.82941662609, 5.10123
1.76015536889, 1.69144685511, 1.71654257148, 2.24147
1.76333292898, 1.68290875706, 1.82456856781, 3.22193
1.75746263153, 1.72187096972, 1.7041897238, 2.40524
1.70837185249, 1.70181984538, 1.80780561342, 2.67283
1.8942167064, 1.85008451701, 1.70621876518, 5.1805
1.71675169719, 1.83832526482, 1.75744342566, 3.67263
1.88033499832, 1.75380411604, 1.72859852796, 4.26517
1.90110580401, 1.72889654858, 1.91191973401, 5.98545
1.8259311806, 1.76142032327, 1.75414501514, 4.01165
1.79266072439, 1.85242981259, 1.78891580668, 4.92118
1.80866359613, 1.77975383934, 1.86708343177, 5.097
1.83132280964, 1.76300835577, 1.7916465757, 4.44386
1.77261883179, 1.79718473209, 1.84298712581, 4.66279
1.76970820616, 1.90147744726, 1.78993699377, 5.18862
1.81034319681, 1.78485916925, 1.95799820298, 6.03707
1.96038316098, 1.91877694102, 1.8202854491, 7.67361
1.9332375231, 1.95142696688, 1.91773500533, 8.65229
1.94589170648, 1.92875635168, 1.81042780461, 7.52775
1.83618497297, 1.95302165255, 1.84100958374, 6.90705
1.83509940079, 1.93561241733, 1.9454598372, 7.71764
1.99300560682, 1.87025345737, 1.84955612125, 7.80381
1.85168149072, 1.83323148351, 1.84030539006, 5.84175
1.87464075023, 1.94657400183, 1.91284392344, 7.9358
1.92272252215, 1.83742728121, 1.8853246078, 7.06732
1.88076754709, 1.9206835133, 1.950484443, 8.09668
2.02651043385, 1.99212275676, 1.92429486336, 10.1175
2.03229803511, 1.89841565, 1.98314623539, 9.78573
1.90657017131, 1.96946609706, 1.93041315058, 8.67551
1.87308202415, 1.93216794043, 2.03386122493, 8.9306
1.88333990208, 2.05209420309, 2.05410145151, 10.4568
2.05787862748, 1.90426985677, 1.88038961249, 9.13267
1.96354369919, 1.93953871209, 1.90053013446, 8.68702
2.05370403166, 2.07041752769, 2.0556755632, 12.4619
1.92759213884, 1.94537778949, 2.03519929526, 9.65512
1.97866864283, 2.08047859489, 2.06950760998, 11.9029
1.97227989461, 2.07982841445, 2.05246056029, 11.6655
2.07006016953, 2.09768864922, 1.98366257449, 12.2241
2.06524590061, 2.00187880822, 1.94440476518, 10.8195
1.99056233778, 2.01933770171, 2.04004650671, 11.1228
2.10345340432, 1.95838301234, 2.01737227606, 11.4784
1.99555300711, 1.94849532333, 1.94324662124, 9.52605
2.02661669684, 1.98182844144, 2.01303450162, 10.863
2.0098900013, 2.01009583868, 2.07056925479, 11.5251
2.08170493457, 2.07487389802, 2.10817142031, 13.3062
2.02139220799, 2.06536944369, 2.09579653056, 12.4525
2.04483761262, 2.08266458349, 2.12820997545, 13.1873
2.13355322033, 2.03580691768, 2.09919400454, 13.3703
2.02372247731, 2.17907540326, 2.00867206503, 12.8037
2.05348283143, 2.10005839651, 2.00555251136, 12.2823
2.04957995514, 2.20293512443, 2.19196386046, 15.0752
2.08960892849, 2.02677696222, 2.11257964663, 12.9412
2.04181019278, 2.17918386061, 2.09067217759, 13.7811
2.10675540246, 2.17424449808, 2.10536521174, 14.5586
2.227856074, 2.09285553341, 2.21161681112, 16.0266
2.21987743406, 2.16346553643, 2.22007037028, 16.7437
2.17266010437, 2.10874707603, 2.09944489512, 14.531
2.22098692701, 2.11177687539, 2.23583623895, 16.3788
2.13232411686, 2.1298494328, 2.10804965227, 14.4018
2.17642448043, 2.0978763085, 2.22645559006, 15.6756
2.15006508637, 2.26027128007, 2.13953629239, 16.222
2.18373020596, 2.22041161825, 2.25902214888, 17.3152
2.26725784876, 2.19904373721, 2.11031465484, 16.5577
2.23411188234, 2.2120344025, 2.18382308202, 17.0431
2.21219491586, 2.15786775701, 2.23728590364, 16.7701
2.27895101783, 2.2572717955, 2.15500441207, 17.7035
2.23502790755, 2.12466234014, 2.26144204767, 16.904
2.30556382716, 2.27017448952, 2.25905721023, 19.1128
2.22399856691, 2.23260315509, 2.22895890626, 17.578
2.1562824957, 2.20093909822, 2.22442124602, 16.4948
2.29529868726, 2.19210807235, 2.24700847727, 18.0921
2.28951590387, 2.29279989533, 2.31452841272, 19.7048
2.22696936648, 2.20878285331, 2.20790024784, 17.1648
2.19975139575, 2.3185364913, 2.36177798449, 19.4697
2.22908576733, 2.24918976645, 2.27829696638, 18.2734
2.22035995545, 2.31453536026, 2.23677613291, 18.4505
2.35653910492, 2.20841515994, 2.35457904895, 19.9363
2.38618180146, 2.37869134464, 2.29977792155, 21.4633
2.27727554046, 2.27416602138, 2.23181799514, 18.5934
2.41241212728, 2.33809160302, 2.22873717624, 20.6465
2.28832435948, 2.30996312533, 2.33369768584, 20.0508
2.33460960255, 2.24755107774, 2.35545949515, 20.112
2.26924352844, 2.42129040129, 2.31328231229, 20.7897
2.39228680408, 2.37365550159, 2.25087974863, 21.0084
2.38678151126, 2.27105676275, 2.4161658726, 21.4851
2.4106453004, 2.36169043901, 2.41026632817, 22.6062
2.27943026661, 2.30301373891, 2.2737168595, 19.3117
2.41799028575, 2.40429405312, 2.30262743126, 22.0885
2.34362541437, 2.4353341948, 2.29497685757, 21.545
2.44848681592, 2.35945103947, 2.32572154321, 22.1746
2.45073755595, 2.46777984475, 2.30269071091, 23.0836
2.46879524317, 2.32488013543, 2.43884266471, 23.1195
2.4567081866, 2.32750357087, 2.31574404525, 21.8401
2.35872895748, 2.36957977074, 2.35648362858, 21.6225
2.49043790217, 2.43345498044, 2.42988144593, 24.3708
2.33244125982, 2.44922985066, 2.4886190431, 23.4219
2.48610407825, 2.34363747987, 2.49408444921, 24.0228
2.36552429537, 2.50539691875, 2.37648127179, 23.2719
2.40200473105, 2.50209136972, 2.39974878506, 23.847
2.53002569322, 2.53710620957, 2.42026672259, 25.7556
2.50753405156, 2.50089691784, 2.46329154097, 25.5599
2.57188041398, 2.57198321263, 2.55695530223, 27.8629
2.47396986886, 2.56524811916, 2.40367749428, 25.2908
2.49967383978, 2.41364903351, 2.44742973598, 24.4344
2.46189394481, 2.43021548024, 2.44805443426, 24.2096
2.58512915653, 2.45500187898, 2.408345954, 25.3868
2.46131386001, 2.59151985993, 2.52468258736, 26.5832
2.5257056469, 2.53031268284, 2.52470472571, 26.6402
2.56536728077, 2.56702453341, 2.54816164163, 27.6591
2.5303444904, 2.5669533042, 2.48323921494, 26.6664
2.52301955519, 2.5986123796, 2.48085681399, 26.8891
2.54161884377, 2.55153069333, 2.57842602626, 27.5394
2.49488579909, 2.5698383313, 2.52733123775, 26.7426
2.4680180935, 2.50143222703, 2.51651132358, 25.6565
2.49678417573, 2.51194486319, 2.61033339214, 26.9663
2.63082088347, 2.48222128865, 2.49747672197, 27.0012
2.56038358457, 2.55959362397, 2.51816390948, 27.2434
2.49979076333, 2.52400111811, 2.53746094637, 26.4236
2.56377351683, 2.54488913706, 2.59521713634, 27.8668
2.56646086026, 2.65016337046, 2.66328472793, 29.6211
2.55369178654, 2.65951604595, 2.5703353092, 28.6918
2.59250930024, 2.63885016107, 2.63588765834, 29.5191
2.62777617238, 2.70069893483, 2.7202629574, 31.3312
2.59314078647, 2.53722254562, 2.66699020291, 28.7863
2.62844053205, 2.54286253673, 2.67751843662, 29.3182
2.63080621663, 2.72429213759, 2.58192840723, 30.28
2.61980089482, 2.64415482134, 2.64556111239, 29.9547
2.6091572011, 2.68900606641, 2.56197142036, 29.4997
2.58248689144, 2.7205182745, 2.6491561621, 30.3735
2.59811626618, 2.75679071021, 2.71205195826, 31.5111
2.62823888682, 2.74687430603, 2.61782128537, 30.8268
2.762983528, 2.78416797535, 2.77165201509, 34.1059
2.61712189069, 2.6794234778, 2.63704705252, 30.2048
2.71876155083, 2.76448530799, 2.78113863848, 33.5278
2.67630435923, 2.77358378214, 2.617592356, 31.6059
2.68333078288, 2.81031346551, 2.80372345216, 33.8367
2.75259318765, 2.72434334339, 2.66291334528, 32.3445
2.69813854852, 2.79730044573, 2.8034873433, 33.8583
2.76916127271, 2.73763733503, 2.83026040145, 34.2573
2.74266419039, 2.76285474852, 2.76082981387, 33.5697
2.69370049839, 2.81833364926, 2.76564574481, 33.6638
2.72799744859, 2.67590680878, 2.724139083, 32.1759
2.70200669004, 2.67313763984, 2.83846874476, 32.9669
2.68354496772, 2.70789315774, 2.82925426065, 33.038
2.7648395331, 2.81367185145, 2.76688669617, 34.381
2.73829991149, 2.68412563122, 2.70263145734, 32.163
2.72889807744, 2.76488007447, 2.69650618675, 32.829
2.78618657227, 2.81562764044, 2.75310147985, 34.4949
2.83870427979, 2.70759563561, 2.82222775334, 34.6098
2.8390425835, 2.87083260818, 2.83330999346, 36.3855
2.75284077786, 2.76422973619, 2.78834982865, 33.9548
2.88178130072, 2.89621402055, 2.75192134948, 36.3178
2.9041053272, 2.74480924168, 2.7926034409, 35.3982
2.84121288732, 2.74874578312, 2.77557818191, 34.6098
2.8124915486, 2.90762415196, 2.81464097596, 36.3013
2.83221385657, 2.81902290226, 2.8383442407, 35.8326
2.85828336193, 2.88913539539, 2.89352645467, 37.3522
2.92872374228, 2.92137462924, 2.85693487338, 38.0765
2.92410109116, 2.88962204007, 2.80338651591, 37.191
2.81914653023, 2.77981677681, 2.81905218272, 35.1095
2.87803532693, 2.87992718205, 2.95202050292, 38.0272
2.9519161957, 2.8672676239, 2.84510660687, 37.6566
2.80186077924, 2.9297513825, 2.85846820972, 36.8341
2.81137104179, 2.82052690025, 2.89905647572, 36.2085
2.84862865006, 2.84504331582, 2.90624219213, 36.9218
2.85993561468, 2.99571293183, 2.9724492999, 39.2129
2.85122895535, 2.97868315571, 2.99313631584, 39.1449
2.85899738772, 2.9489070424, 2.9380245842, 38.3957
2.89392832328, 2.85401265633, 2.8637119578, 37.0857
3.02828815515, 3.00990073219, 2.88693809717, 40.3209
3.03387630555, 2.87486987684, 3.03526264611, 40.4216
3.02303027537, 3.04356094121, 2.9319034112, 41.0392
2.9900840337, 2.8826765652, 2.87360876765, 38.4906
2.88065441353, 2.87863740948, 3.0436643001, 38.9189
2.87359447734, 3.06549781795, 3.03716172556, 40.689
2.97028525123, 2.9692886144, 2.94994754648, 39.8957
2.99486375448, 2.9540960694, 2.99525275277, 40.4344
3.00708374606, 2.9082894518, 2.89927411389, 39.1775
2.96567596945, 3.05853963032, 2.91938536193, 40.4652
3.08377841253, 2.97299697651, 2.94798409892, 41.1158
2.99488495247, 3.00445463915, 2.98805495236, 40.8797
2.93691547976, 3.04828344417, 3.03006818278, 41.1156
2.96581315062, 3.08204924257, 2.92766875759, 40.7859
3.09482494044, 2.9835615159, 2.93927782535, 41.2572
2.99074173492, 3.09861170445, 3.08987541918, 42.7713
3.03678895201, 3.04060916326, 2.94384679139, 41.269
2.97149361622, 3.02640490089, 2.96597181242, 40.6447
3.02977220363, 3.09779784709, 3.10234593101, 43.2955
3.06698913543, 2.99944371686, 3.00054909703, 41.7112
3.09574530452, 3.05536424142, 3.08516974429, 43.3962
3.06964082816, 3.15649689704, 3.16105338147, 44.8784
2.98648371163, 3.11218183597, 2.99681850774, 41.9741
3.04620596827, 3.02341876646, 2.97864935194, 41.5263
3.01162986551, 3.15001593917, 3.12604301494, 43.8632
3.16396510077, 3.08507628994, 3.11465117823, 44.7036
3.04642244579, 3.16860936724, 3.14094377648, 44.5638
3.17552718965, 3.12355763131, 3.16627736404, 45.7128
3.12749165021, 3.14950910281, 3.07999046862, 44.6434
3.12172092904, 3.11413270822, 3.00840625973, 43.5361
3.13115877075, 3.12740068227, 3.2107486563, 45.7082
3.12799967464, 3.19504140987, 3.18161480398, 46.0862
3.04707571287, 3.05899867461, 3.10289237234, 43.0878
3.05135335659, 3.06518262904, 3.19419708624, 44.0702
3.10303051802, 3.08596571959, 3.22718900153, 45.145
3.06377273901, 3.23308935229, 3.10758337957, 45.0862
3.12950445104, 3.24173269043, 3.19144823545, 46.6728
3.23150045679, 3.16529876155, 3.18643783325, 46.9242
3.11167382591, 3.14675646615, 3.08411547103, 44.4874
3.11598527084, 3.10969707055, 3.11532989233, 44.4536
3.09063602545, 3.15528487809, 3.25887983156, 46.0246
3.17489114196, 3.1228552783, 3.23861425072, 46.3913
3.25165126636, 3.18653117966, 3.25305019708, 47.9917
3.26629220304, 3.15538177835, 3.21591699073, 47.4734
3.19712689225, 3.28390306619, 3.14573003369, 47.3812
3.16333628403, 3.28144936515, 3.26858277244, 48.1745
3.10682297311, 3.21115796155, 3.27789226461, 46.9481
3.19212053749, 3.13158274227, 3.1792842142, 46.0949
3.15904713893, 3.28220563174, 3.13460089509, 46.8544
3.12710661793, 3.19374891325, 3.23766189245, 46.6
3.3, 3.17867794913, 3.20077674757, 47.9229
3.22996065398, 3.3, 3.28856475135, 49.2602
3.23993091535, 3.12653819909, 3.21212519173, 46.8637
3.2062428699, 3.27766822765, 3.14063951018, 47.3654
3.24372308553, 3.3, 3.15754206467, 48.1517
3.19874228884, 3.29309034067, 3.22342256499, 48.2357
3.24104089012, 3.28532657644, 3.20471532206, 48.4251
3.17559683392, 3.3, 3.20974626736, 47.9304
3.19580417295, 3.22575947311, 3.25586865471, 47.828
3.3, 3.23064004168, 3.23962531933, 48.8251
3.18853896182, 3.16253251586, 3.19482212068, 46.5215
3.28412148705, 3.3, 3.3, 49.9428
3.20582299784, 3.3, 3.3, 49.1142
3.2933431199, 3.3, 3.3, 50.0404
3.24433616522, 3.20748597825, 3.3, 48.5776
3.27809645034, 3.3, 3.23907024281, 49.2959
3.2653460163, 3.3, 3.3, 49.7441
3.3, 3.20864203222, 3.2386342597, 48.5911
3.3, 3.22920842634, 3.27167204485, 49.1172
3.3, 3.3, 3.3, 50.1109
3.3, 3.3, 3.21415667409, 49.2892
3.3, 3.27329301281, 3.21069995355, 48.9836
3.3, 3.21558710986, 3.3, 49.2493
3.28600375006, 3.29245755273, 3.3, 49.8858
3.3, 3.22978382353, 3.3, 49.3942
3.23977159283, 3.3, 3.3, 49.4734
3.3, 3.29682405926, 3.24025943869, 49.5066
3.3, 3.3, 3.28692817129, 49.9857
3.3, 3.3, 3.25056187867, 49.6377
3.29153014239, 3.25368508158, 3.3, 49.5485
3.3, 3.29648889578, 3.27524499569, 49.8381
3.3, 3.3, 3.3, 50.1109
3.3, 3.3, 3.3, 50.1109
3.3, 3.3, 3.3, 50.1109
3.28652286701, 3.3, 3.3, 49.9682
3.3, 3.3, 3.3, 50.1109
3.3, 3.3, 3.28785691502, 49.9946
3.3, 3.3, 3.3, 50.1109
3.3, 3.3, 3.3, 50.1109
3.3, 3.3, 3.3, 50.1109
3.3, 3.3, 3.3, 50.1109
3.3, 3.3, 3.3, 50.1109
3.3, 3.3, 3.3, 50.1109
3.3, 3.3, 3.3, 50.1109
3.3, 3.3, 3.3, 50.1109
3.3, 3.3, 3.3, 50.1109
3.29762789307, 3.3, 3.3, 50.0858
3.3, 3.3, 3.3, 50.1109
3.3, 3.3, 3.3, 50.1109
3.3, 3.3, 3.3, 50.1109
3.3, 3.3, 3.3, 50.1109
3.3, 3.3, 3.3, 50.1109
3.3, 3.3, 3.3, 50.1109
3.3, 3.3, 3.3, 50.1109
3.3, 3.3, 3.3, 50.1109
3.3, 3.3, 3.3, 50.1109
3.3, 3.3, 3.3, 50.1109
3.3, 3.3, 3.3, 50.1109
3.3, 3.3, 3.3, 50.1109
3.3, 3.3, 3.3, 50.1109
3.3, 3.3, 3.3, 50.1109
3.3, 3.3, 3.3, 50.1109
3.3, 3.3, 3.3, 50.1109
3.3, 3.3, 3.3, 50.1109
3.3, 3.3, 3.3, 50.1109
3.3, 3.3, 3.3, 50.1109
3.3, 3.3, 3.3, 50.1109
3.3, 3.3, 3.3, 50.1109
3.3, 3.3, 3.3, 50.1109
3.3, 3.3, 3.3, 50.1109
3.3, 3.3, 3.3, 50.1109
3.3, 3.3, 3.3, 50.1109
3.3, 3.3, 3.3, 50.1109
3.3, 3.3, 3.3, 50.1109
3.3, 3.3, 3.3, 50.1109
3.3, 3.3, 3.3, 50.1109
3.3, 3.3, 3.3, 50.1109
3.3, 3.3, 3.3, 50.1109
3.3, 3.3, 3.3, 50.1109
3.3, 3.3, 3.3, 50.1109
3.3, 3.3, 3.3, 50.1109
3.3, 3.3, 3.3, 50.1109
3.3, 3.3, 3.3, 50.1109
3.3, 3.3, 3.3, 50.1109
3.3, 3.3, 3.3, 50.1109
3.3, 3.3, 3.3, 50.1109
3.3, 3.3, 3.3, 50.1109
3.3, 3.3, 3.3, 50.1109
3.3, 3.3, 3.3, 50.1109
3.3, 3.3, 3.3, 50.1109
3.3, 3.3, 3.3, 50.1109
3.3, 3.3, 3.3, 50.1109
3.3, 3.3, 3.3, 50.1109
3.3, 3.3, 3.3, 50.1109
3.3, 3.3, 3.3, 50.1109
3.3, 3.3, 3.3, 50.1109
3.3, 3.3, 3.3, 50.1109
3.3, 3.3, 3.3, 50.1109
3.3, 3.3, 3.3, 50.1109
3.3, 3.3, 3.3, 50.1109
3.3, 3.3, 3.3, 50.1109
3.3, 3.3, 3.3, 50.1109
3.3, 3.3, 3.3, 50.1109
3.3, 3.3, 3.3, 50.1109
3.3, 3.3, 3.3, 50.1109
3.3, 3.3, 3.3, 50.1109
3.3, 3.3, 3.3, 50.1109
3.3, 3.3, 3.3, 50.1109
3.3, 3.3, 3.3, 50.1109
3.3, 3.3, 3.3, 50.1109
3.3, 3.3, 3.3, 50.1109
3.3, 3.3, 3.3, 50.1109
3.3, 3.3, 3.3, 50.1109
3.3, 3.3, 3.3, 50.1109
